13:26:11: Creating resource group General
13:26:11: Creating resource group Internal
13:26:11: Creating resource group Autodetect
13:26:11: SceneManagerFactory for type 'DefaultSceneManager' registered.
13:26:11: Registering ResourceManager for type Material
13:26:11: Registering ResourceManager for type Mesh
13:26:11: Registering ResourceManager for type Skeleton
13:26:11: MovableObjectFactory for type 'ParticleSystem' registered.
13:26:11: ArchiveFactory for archive type FileSystem registered.
13:26:11: ArchiveFactory for archive type Zip registered.
13:26:11: ArchiveFactory for archive type EmbeddedZip registered.
13:26:11: DDS codec registering
13:26:11: FreeImage version: 3.15.3
13:26:11: This program uses FreeImage, a free, open source image library supporting all common bitmap formats. See http://freeimage.sourceforge.net for details
13:26:11: Supported formats: bmp,ico,jpg,jif,jpeg,jpe,jng,koa,iff,lbm,mng,pbm,pbm,pcd,pcx,pgm,pgm,png,ppm,ppm,ras,tga,targa,tif,tiff,wap,wbmp,wbm,psd,cut,xbm,xpm,gif,hdr,g3,sgi,exr,j2k,j2c,jp2,pfm,pct,pict,pic,3fr,arw,bay,bmq,cap,cine,cr2,crw,cs1,dc2,dcr,drf,dsc,dng,erf,fff,ia,iiq,k25,kc2,kdc,mdc,mef,mos,mrw,nef,nrw,orf,pef,ptx,pxn,qtk,raf,raw,rdc,rw2,rwl,rwz,sr2,srf,srw,sti
13:26:11: Registering ResourceManager for type HighLevelGpuProgram
13:26:11: Registering ResourceManager for type Compositor
13:26:11: MovableObjectFactory for type 'Entity' registered.
13:26:11: MovableObjectFactory for type 'Light' registered.
13:26:11: MovableObjectFactory for type 'BillboardSet' registered.
13:26:11: MovableObjectFactory for type 'ManualObject' registered.
13:26:11: MovableObjectFactory for type 'BillboardChain' registered.
13:26:11: MovableObjectFactory for type 'RibbonTrail' registered.
13:26:11: Loading library .\RenderSystem_Direct3D9_d
13:26:11: Installing plugin: D3D9 RenderSystem
13:26:11: D3D9 : Direct3D9 Rendering Subsystem created.
13:26:11: D3D9: Driver Detection Starts
13:26:11: D3D9: Driver Detection Ends
13:26:11: Plugin successfully installed
13:26:11: Loading library .\RenderSystem_GL_d
13:26:11: Installing plugin: GL RenderSystem
13:26:11: OpenGL Rendering Subsystem created.
13:26:11: Plugin successfully installed
13:26:11: Loading library .\Plugin_PCZSceneManager_d
13:26:11: Installing plugin: Portal Connected Zone Scene Manager
13:26:11: PCZone Factory Type 'ZoneType_Default' registered
13:26:11: Plugin successfully installed
13:26:11: Loading library .\Plugin_OctreeZone_d
13:26:11: Installing plugin: Octree Zone Factory
13:26:11: Plugin successfully installed
13:26:11: Loading library .\Plugin_OctreeSceneManager_d
13:26:11: Installing plugin: Octree Scene Manager
13:26:11: Plugin successfully installed
13:26:11: *-*-* OGRE Initialising
13:26:11: *-*-* Version 1.9.0 (Ghadamon)
13:26:11: Added resource location '../TeamProject/Content/' of type 'FileSystem' to resource group 'General'
13:26:11: Added resource location '../TeamProject/Content//Models/' of type 'FileSystem' to resource group 'General'
13:26:11: Added resource location '../TeamProject/Content//Materials/' of type 'FileSystem' to resource group 'General'
13:26:11: Added resource location '../TeamProject/Content/Overlays/' of type 'FileSystem' to resource group 'General'
13:26:11: D3D9 : RenderSystem Option: Allow DirectX9Ex = Yes
13:26:11: D3D9 : RenderSystem Option: Allow NVPerfHUD = No
13:26:11: D3D9 : RenderSystem Option: FSAA = 0
13:26:11: D3D9 : RenderSystem Option: Fixed Pipeline Enabled = Yes
13:26:11: D3D9 : RenderSystem Option: Floating-point mode = Fastest
13:26:11: D3D9 : RenderSystem Option: Full Screen = No
13:26:11: D3D9 : RenderSystem Option: Multi device memory hint = Use minimum system memory
13:26:11: D3D9 : RenderSystem Option: Rendering Device = Monitor-1-Intel(R) HD Graphics
13:26:11: D3D9 : RenderSystem Option: Resource Creation Policy = Create on all devices
13:26:11: D3D9 : RenderSystem Option: Use Multihead = Auto
13:26:11: D3D9 : RenderSystem Option: VSync = No
13:26:11: D3D9 : RenderSystem Option: VSync Interval = 1
13:26:11: D3D9 : RenderSystem Option: Video Mode = 800 x 600 @ 32-bit colour
13:26:11: D3D9 : RenderSystem Option: sRGB Gamma Conversion = No
13:28:16: CPU Identifier & Features
13:28:16: -------------------------
13:28:16:  *   CPU ID: GenuineIntel: Intel(R) Celeron(R) CPU 1000M @ 1.80GHz
13:28:16:  *      SSE: yes
13:28:16:  *     SSE2: yes
13:28:16:  *     SSE3: yes
13:28:16:  *      MMX: yes
13:28:16:  *   MMXEXT: yes
13:28:16:  *    3DNOW: no
13:28:16:  * 3DNOWEXT: no
13:28:16:  *     CMOV: yes
13:28:16:  *      TSC: yes
13:28:16:  *      FPU: yes
13:28:16:  *      PRO: yes
13:28:16:  *       HT: no
13:28:16: -------------------------
13:28:16: D3D9 : Subsystem Initialising
13:28:16: Registering ResourceManager for type Texture
13:28:16: Registering ResourceManager for type GpuProgram
13:28:16: D3D9RenderSystem::_createRenderWindow "OGRE Render Window", 800x600 windowed  miscParams: FSAA=0 FSAAHint= colourDepth=32 gamma=false monitorIndex=0 useNVPerfHUD=false vsync=false vsyncInterval=1 
13:28:16: D3D9 : Created D3D9 Rendering Window 'OGRE Render Window' : 800x600, 32bpp
13:28:16: D3D9 : WARNING - disabling VSync in windowed mode can cause timing issues at lower frame rates, turn VSync on if you observe this problem.
13:28:16: D3D9: Vertex texture format supported - PF_L8
13:28:16: D3D9: Vertex texture format supported - PF_L16
13:28:16: D3D9: Vertex texture format supported - PF_A8
13:28:16: D3D9: Vertex texture format supported - PF_A4L4
13:28:16: D3D9: Vertex texture format supported - PF_BYTE_LA
13:28:16: D3D9: Vertex texture format supported - PF_R5G6B5
13:28:16: D3D9: Vertex texture format supported - PF_B5G6R5
13:28:16: D3D9: Vertex texture format supported - PF_A4R4G4B4
13:28:16: D3D9: Vertex texture format supported - PF_A1R5G5B5
13:28:16: D3D9: Vertex texture format supported - PF_A8R8G8B8
13:28:16: D3D9: Vertex texture format supported - PF_B8G8R8A8
13:28:16: D3D9: Vertex texture format supported - PF_A2R10G10B10
13:28:16: D3D9: Vertex texture format supported - PF_A2B10G10R10
13:28:16: D3D9: Vertex texture format supported - PF_DXT1
13:28:16: D3D9: Vertex texture format supported - PF_DXT2
13:28:16: D3D9: Vertex texture format supported - PF_DXT3
13:28:16: D3D9: Vertex texture format supported - PF_DXT4
13:28:16: D3D9: Vertex texture format supported - PF_DXT5
13:28:16: D3D9: Vertex texture format supported - PF_FLOAT16_RGB
13:28:16: D3D9: Vertex texture format supported - PF_FLOAT16_RGBA
13:28:16: D3D9: Vertex texture format supported - PF_FLOAT32_RGB
13:28:16: D3D9: Vertex texture format supported - PF_FLOAT32_RGBA
13:28:16: D3D9: Vertex texture format supported - PF_X8R8G8B8
13:28:16: D3D9: Vertex texture format supported - PF_R8G8B8A8
13:28:16: D3D9: Vertex texture format supported - PF_DEPTH
13:28:16: D3D9: Vertex texture format supported - PF_SHORT_RGBA
13:28:16: D3D9: Vertex texture format supported - PF_FLOAT16_R
13:28:16: D3D9: Vertex texture format supported - PF_FLOAT32_R
13:28:16: D3D9: Vertex texture format supported - PF_SHORT_GR
13:28:16: D3D9: Vertex texture format supported - PF_FLOAT16_GR
13:28:16: D3D9: Vertex texture format supported - PF_FLOAT32_GR
13:28:16: D3D9: Vertex texture format supported - PF_SHORT_RGB
13:28:16: D3D9: Vertex texture format supported - PF_PVRTC_RGB2
13:28:16: D3D9: Vertex texture format supported - PF_PVRTC_RGBA2
13:28:16: D3D9: Vertex texture format supported - PF_PVRTC_RGB4
13:28:16: D3D9: Vertex texture format supported - PF_PVRTC_RGBA4
13:28:16: D3D9: Vertex texture format supported - PF_PVRTC2_2BPP
13:28:16: D3D9: Vertex texture format supported - PF_PVRTC2_4BPP
13:28:16: D3D9: Vertex texture format supported - PF_R11G11B10_FLOAT
13:28:16: D3D9: Vertex texture format supported - PF_R8_UINT
13:28:16: D3D9: Vertex texture format supported - PF_R8G8_UINT
13:28:16: D3D9: Vertex texture format supported - PF_R8G8B8_UINT
13:28:16: D3D9: Vertex texture format supported - PF_R8G8B8A8_UINT
13:28:16: D3D9: Vertex texture format supported - PF_R16_UINT
13:28:16: D3D9: Vertex texture format supported - PF_R16G16_UINT
13:28:16: D3D9: Vertex texture format supported - PF_R16G16B16_UINT
13:28:16: D3D9: Vertex texture format supported - PF_R16G16B16A16_UINT
13:28:16: D3D9: Vertex texture format supported - PF_R32_UINT
13:28:16: D3D9: Vertex texture format supported - PF_R32G32_UINT
13:28:16: D3D9: Vertex texture format supported - PF_R32G32B32_UINT
13:28:16: D3D9: Vertex texture format supported - PF_R32G32B32A32_UINT
13:28:16: D3D9: Vertex texture format supported - PF_R8_SINT
13:28:16: D3D9: Vertex texture format supported - PF_R8G8_SINT
13:28:16: D3D9: Vertex texture format supported - PF_R8G8B8_SINT
13:28:16: D3D9: Vertex texture format supported - PF_R8G8B8A8_SINT
13:28:16: D3D9: Vertex texture format supported - PF_R16_SINT
13:28:16: D3D9: Vertex texture format supported - PF_R16G16_SINT
13:28:16: D3D9: Vertex texture format supported - PF_R16G16B16_SINT
13:28:16: D3D9: Vertex texture format supported - PF_R16G16B16A16_SINT
13:28:16: D3D9: Vertex texture format supported - PF_R32_SINT
13:28:16: D3D9: Vertex texture format supported - PF_R32G32_SINT
13:28:16: D3D9: Vertex texture format supported - PF_R32G32B32_SINT
13:28:16: D3D9: Vertex texture format supported - PF_R32G32B32A32_SINT
13:28:16: D3D9: Vertex texture format supported - PF_R9G9B9E5_SHAREDEXP
13:28:16: D3D9: Vertex texture format supported - PF_BC4_UNORM
13:28:16: D3D9: Vertex texture format supported - PF_BC4_SNORM
13:28:16: D3D9: Vertex texture format supported - PF_BC5_UNORM
13:28:16: D3D9: Vertex texture format supported - PF_BC5_SNORM
13:28:16: D3D9: Vertex texture format supported - PF_BC6H_UF16
13:28:16: D3D9: Vertex texture format supported - PF_BC6H_SF16
13:28:16: D3D9: Vertex texture format supported - PF_BC7_UNORM
13:28:16: D3D9: Vertex texture format supported - PF_BC7_UNORM_SRGB
13:28:16: D3D9: Vertex texture format supported - PF_R8
13:28:16: D3D9: Vertex texture format supported - PF_RG8
13:28:16: D3D9: Vertex texture format supported - PF_R8_SNORM
13:28:16: D3D9: Vertex texture format supported - PF_R8G8_SNORM
13:28:16: D3D9: Vertex texture format supported - PF_R8G8B8_SNORM
13:28:16: D3D9: Vertex texture format supported - PF_R8G8B8A8_SNORM
13:28:16: D3D9: Vertex texture format supported - PF_R16_SNORM
13:28:16: D3D9: Vertex texture format supported - PF_R16G16_SNORM
13:28:16: D3D9: Vertex texture format supported - PF_R16G16B16_SNORM
13:28:16: D3D9: Vertex texture format supported - PF_R16G16B16A16_SNORM
13:28:16: D3D9: Vertex texture format supported - PF_ETC1_RGB8
13:28:16: D3D9: Vertex texture format supported - PF_ETC2_RGB8
13:28:16: D3D9: Vertex texture format supported - PF_ETC2_RGBA8
13:28:16: D3D9: Vertex texture format supported - PF_ETC2_RGB8A1
13:28:16: D3D9: Vertex texture format supported - PF_ATC_RGB
13:28:16: D3D9: Vertex texture format supported - PF_ATC_RGBA_EXPLICIT_ALPHA
13:28:16: D3D9: Vertex texture format supported - PF_ATC_RGBA_INTERPOLATED_ALPHA
13:28:16: RenderSystem capabilities
13:28:16: -------------------------
13:28:16: RenderSystem Name: Direct3D9 Rendering Subsystem
13:28:16: GPU Vendor: intel
13:28:16: Device Name: Monitor-1-Intel(R) HD Graphics
13:28:16: Driver Version: 10.18.10.3308
13:28:16:  * Fixed function pipeline: yes
13:28:16:  * Hardware generation of mipmaps: yes
13:28:16:  * Texture blending: yes
13:28:16:  * Anisotropic texture filtering: yes
13:28:16:  * Dot product texture operation: yes
13:28:16:  * Cube mapping: yes
13:28:16:  * Hardware stencil buffer: yes
13:28:16:    - Stencil depth: 8
13:28:16:    - Two sided stencil support: yes
13:28:16:    - Wrap stencil values: yes
13:28:16:  * Hardware vertex / index buffers: yes
13:28:16:  * Vertex programs: yes
13:28:16:  * Number of floating-point constants for vertex programs: 256
13:28:16:  * Number of integer constants for vertex programs: 16
13:28:16:  * Number of boolean constants for vertex programs: 16
13:28:16:  * Fragment programs: yes
13:28:16:  * Number of floating-point constants for fragment programs: 224
13:28:16:  * Number of integer constants for fragment programs: 16
13:28:16:  * Number of boolean constants for fragment programs: 16
13:28:16:  * Geometry programs: no
13:28:16:  * Number of floating-point constants for geometry programs: 0
13:28:16:  * Number of integer constants for geometry programs: 0
13:28:16:  * Number of boolean constants for geometry programs: 0
13:28:16:  * Tesselation Hull programs: no
13:28:16:  * Number of floating-point constants for tesselation hull programs: 0
13:28:16:  * Number of integer constants for tesselation hull programs: 0
13:28:16:  * Number of boolean constants for tesselation hull programs: 0
13:28:16:  * Tesselation Domain programs: no
13:28:16:  * Number of floating-point constants for tesselation domain programs: 0
13:28:16:  * Number of integer constants for tesselation domain programs: 0
13:28:16:  * Number of boolean constants for tesselation domain programs: 0
13:28:16:  * Compute programs: no
13:28:16:  * Number of floating-point constants for compute programs: 0
13:28:16:  * Number of integer constants for compute programs: 0
13:28:16:  * Number of boolean constants for compute programs: 0
13:28:16:  * Supported Shader Profiles: hlsl ps_1_1 ps_1_2 ps_1_3 ps_1_4 ps_2_0 ps_2_a ps_2_b ps_2_x ps_3_0 vs_1_1 vs_2_0 vs_2_a vs_2_x vs_3_0
13:28:16:  * Texture Compression: yes
13:28:16:    - DXT: yes
13:28:16:    - VTC: no
13:28:16:    - PVRTC: no
13:28:16:    - ATC: no
13:28:16:    - ETC1: no
13:28:16:    - ETC2: no
13:28:16:    - BC4/BC5: no
13:28:16:    - BC6H/BC7: no
13:28:16:  * Scissor Rectangle: yes
13:28:16:  * Hardware Occlusion Query: yes
13:28:16:  * User clip planes: yes
13:28:16:  * VET_UBYTE4 vertex element type: yes
13:28:16:  * Infinite far plane projection: yes
13:28:16:  * Hardware render-to-texture: yes
13:28:16:  * Floating point textures: yes
13:28:16:  * Non-power-of-two textures: yes
13:28:16:  * 1d textures: yes
13:28:16:  * Volume textures: yes
13:28:16:  * Multiple Render Targets: 4
13:28:16:    - With different bit depths: yes
13:28:16:  * Point Sprites: yes
13:28:16:  * Extended point parameters: yes
13:28:16:  * Max Point Size: 256
13:28:16:  * Vertex texture fetch: yes
13:28:16:  * Number of world matrices: 0
13:28:16:  * Number of texture units: 8
13:28:16:  * Stencil buffer depth: 8
13:28:16:  * Number of vertex blend matrices: 0
13:28:16:    - Max vertex textures: 4
13:28:16:    - Vertex textures shared: no
13:28:16:  * Render to Vertex Buffer : no
13:28:16:  * Hardware Atomic Counters: no
13:28:16:  * DirectX per stage constants: yes
13:28:16: ***************************************
13:28:16: *** D3D9 : Subsystem Initialised OK ***
13:28:16: ***************************************
13:28:16: DefaultWorkQueue('Root') initialising on thread b84.
13:28:16: Particle Renderer Type 'billboard' registered
13:28:16: SceneManagerFactory for type 'PCZSceneManager' registered.
13:28:16: MovableObjectFactory for type 'PCZLight' registered.
13:28:16: MovableObjectFactory for type 'Portal' registered.
13:28:16: MovableObjectFactory for type 'AntiPortal' registered.
13:28:16: PCZone Factory Type 'ZoneType_Octree' registered
13:28:16: SceneManagerFactory for type 'OctreeSceneManager' registered.
13:28:16: OverlayElementFactory for type Panel registered.
13:28:16: OverlayElementFactory for type BorderPanel registered.
13:28:16: OverlayElementFactory for type TextArea registered.
13:28:16: DefaultWorkQueue('Root')::WorkerFunc - thread 3bc starting.
13:28:16: DefaultWorkQueue('Root')::WorkerFunc - thread 176c starting.
13:28:16: Registering ResourceManager for type Font
13:28:16: Parsing scripts for resource group Autodetect
13:28:16: Finished parsing scripts for resource group Autodetect
13:28:16: Creating resources for group Autodetect
13:28:16: All done
13:28:16: Parsing scripts for resource group General
13:28:16: Parsing script Coin.MESH.material
13:28:16: Parsing script cube.SCENE.material
13:28:16: Parsing script iceIsland.MESH.material
13:28:16: Parsing script KinectLib.material
13:28:16: Parsing script oneMeterBox.MESH.material
13:28:16: Parsing script SolidColor.material
13:28:16: Parsing script TeaPot.MESH.material
13:28:16: Parsing script TestPlatform.MESH.material
13:28:16: Parsing script tunacan.MESH.material
13:28:16: Parsing script TurosKnot.MESH.material
13:28:16: Parsing script bhw.fontdef
13:28:16: Parsing script bluehigh.fontdef
13:28:16: Parsing script bluehigh.fontdef
13:28:16: Parsing script Example.overlay
13:28:16: Parsing script Kinect.overlay
13:28:16: Bad overlay attribute line: 'metrics_mode relative' for overlay Kinect/Torso1
13:28:16: Texture: torso.png: Loading 1 faces(PF_A8R8G8B8,50x100x1) with 5 generated mipmaps from Image. Internal format is PF_A8R8G8B8,50x100x1.
13:28:16: Texture: torso2.png: Loading 1 faces(PF_A8R8G8B8,50x100x1) with 5 generated mipmaps from Image. Internal format is PF_A8R8G8B8,50x100x1.
13:28:16: Finished parsing scripts for resource group General
13:28:16: Creating resources for group General
13:28:16: All done
13:28:16: Parsing scripts for resource group Internal
13:28:16: Finished parsing scripts for resource group Internal
13:28:16: Creating resources for group Internal
13:28:16: All done
13:28:16: Mesh: Loading iceIsland.MESH.mesh.
13:28:17: Texture: spot_shadow_fade.png: Loading 1 faces(PF_R8G8B8,128x128x1) Internal format is PF_X8R8G8B8,128x128x1.
13:28:17: Mesh: Loading TeaPot.MESH.mesh.
13:28:20: DefaultWorkQueue('Root') shutting down on thread b84.
13:28:20: DefaultWorkQueue('Root')::WorkerFunc - thread 3bc stopped.
13:28:20: DefaultWorkQueue('Root')::WorkerFunc - thread 176c stopped.
13:28:20: PCZone Factory Type 'ZoneType_Octree' unregistered
13:28:20: *-*-* OGRE Shutdown
13:28:20: Unregistering ResourceManager for type Compositor
13:28:20: Unregistering ResourceManager for type Skeleton
13:28:20: Unregistering ResourceManager for type Mesh
13:28:20: Unregistering ResourceManager for type HighLevelGpuProgram
13:28:20: Uninstalling plugin: Octree Scene Manager
13:28:20: Plugin successfully uninstalled
13:28:20: Unloading library .\Plugin_OctreeSceneManager_d
13:28:20: Uninstalling plugin: Octree Zone Factory
13:28:20: Plugin successfully uninstalled
13:28:20: Unloading library .\Plugin_OctreeZone_d
13:28:20: Uninstalling plugin: Portal Connected Zone Scene Manager
13:28:20: Plugin successfully uninstalled
13:28:20: Unloading library .\Plugin_PCZSceneManager_d
13:28:20: Uninstalling plugin: GL RenderSystem
13:28:20: *** Stopping Win32GL Subsystem ***
13:28:20: Plugin successfully uninstalled
13:28:20: Unloading library .\RenderSystem_GL_d
13:28:20: Uninstalling plugin: D3D9 RenderSystem
13:28:20: D3D9 device: 0x[045BE540] destroy. Releasing D3D9 texture: torso.png
13:28:20: Released D3D9 texture: torso.png
13:28:20: D3D9 device: 0x[045BE540] destroy. Releasing D3D9 texture: torso2.png
13:28:20: Released D3D9 texture: torso2.png
13:28:20: D3D9 : Shutting down cleanly.
13:28:20: Unregistering ResourceManager for type Texture
13:28:20: Unregistering ResourceManager for type GpuProgram
13:28:20: D3D9 : Direct3D9 Rendering Subsystem destroyed.
13:28:20: Plugin successfully uninstalled
13:28:20: Unloading library .\RenderSystem_Direct3D9_d
13:28:20: Unregistering ResourceManager for type Material
