C:\USERS\DIANA\DOCUMENTS\GITHUB\SENIOR-TEAM-PROJECT\SENIORTEAMPROJECT\SENIORTEAMPROJECT\DEBUG\BASEAPPLICATION.OBJ
C:\USERS\DIANA\DOCUMENTS\GITHUB\SENIOR-TEAM-PROJECT\SENIORTEAMPROJECT\SENIORTEAMPROJECT\DEBUG\TUTORIALAPPLICATION.OBJ
C:\USERS\DIANA\DOCUMENTS\GITHUB\SENIOR-TEAM-PROJECT\SENIORTEAMPROJECT\SENIORTEAMPROJECT\DEBUG\VC110.PDB
C:\USERS\DIANA\DOCUMENTS\GITHUB\SENIOR-TEAM-PROJECT\SENIORTEAMPROJECT\DEBUG\SENIORTEAMPROJECT.ILK
C:\USERS\DIANA\DOCUMENTS\GITHUB\SENIOR-TEAM-PROJECT\SENIORTEAMPROJECT\DEBUG\SENIORTEAMPROJECT.EXE
C:\USERS\DIANA\DOCUMENTS\GITHUB\SENIOR-TEAM-PROJECT\SENIORTEAMPROJECT\DEBUG\SENIORTEAMPROJECT.PDB
C:\Users\Diana\Documents\GitHub\senior-team-project\SeniorTeamProject\SeniorTeamProject\Debug\BaseApplication.obj
C:\Users\Diana\Documents\GitHub\senior-team-project\SeniorTeamProject\SeniorTeamProject\Debug\TutorialApplication.obj
C:\Users\Diana\Documents\GitHub\senior-team-project\SeniorTeamProject\SeniorTeamProject\Debug\cl.command.1.tlog
C:\Users\Diana\Documents\GitHub\senior-team-project\SeniorTeamProject\SeniorTeamProject\Debug\CL.read.1.tlog
C:\Users\Diana\Documents\GitHub\senior-team-project\SeniorTeamProject\SeniorTeamProject\Debug\CL.write.1.tlog
C:\Users\Diana\Documents\GitHub\senior-team-project\SeniorTeamProject\SeniorTeamProject\Debug\link-cvtres.read.1.tlog
C:\Users\Diana\Documents\GitHub\senior-team-project\SeniorTeamProject\SeniorTeamProject\Debug\link-cvtres.write.1.tlog
C:\Users\Diana\Documents\GitHub\senior-team-project\SeniorTeamProject\SeniorTeamProject\Debug\link-rc.read.1.tlog
C:\Users\Diana\Documents\GitHub\senior-team-project\SeniorTeamProject\SeniorTeamProject\Debug\link-rc.write.1.tlog
C:\Users\Diana\Documents\GitHub\senior-team-project\SeniorTeamProject\SeniorTeamProject\Debug\link.command.1.tlog
C:\Users\Diana\Documents\GitHub\senior-team-project\SeniorTeamProject\SeniorTeamProject\Debug\link.read.1.tlog
C:\Users\Diana\Documents\GitHub\senior-team-project\SeniorTeamProject\SeniorTeamProject\Debug\link.write.1.tlog
C:\Users\Diana\Documents\GitHub\senior-team-project\SeniorTeamProject\SeniorTeamProject\Debug\vc110.idb
C:\Users\Diana\Documents\GitHub\senior-team-project\SeniorTeamProject\SeniorTeamProject\Debug\vc110.pdb
C:\Users\Diana\Documents\GitHub\senior-team-project\SeniorTeamProject\Debug\SeniorTeamProject.pdb
C:\Users\Diana\Documents\GitHub\senior-team-project\SeniorTeamProject\Debug\SeniorTeamProject.exe
C:\Users\Diana\Documents\GitHub\senior-team-project\SeniorTeamProject\Debug\SeniorTeamProject.ilk
