C:\USERS\SIMON\DOWNLOADS\SENIOR TEAM PROJECT\SENIORTEAMPROJECT\TEAMPROJECT\DEBUG\CAMERA.OBJ
C:\USERS\SIMON\DOWNLOADS\SENIOR TEAM PROJECT\SENIORTEAMPROJECT\TEAMPROJECT\DEBUG\INPUTHANDLER.OBJ
C:\USERS\SIMON\DOWNLOADS\SENIOR TEAM PROJECT\SENIORTEAMPROJECT\TEAMPROJECT\DEBUG\MAIN.OBJ
C:\USERS\SIMON\DOWNLOADS\SENIOR TEAM PROJECT\SENIORTEAMPROJECT\TEAMPROJECT\DEBUG\MAINLISTENER.OBJ
C:\USERS\SIMON\DOWNLOADS\SENIOR TEAM PROJECT\SENIORTEAMPROJECT\TEAMPROJECT\DEBUG\TEAMPROJECT.OBJ
C:\USERS\SIMON\DOWNLOADS\SENIOR TEAM PROJECT\SENIORTEAMPROJECT\TEAMPROJECT\DEBUG\WORLD.OBJ
C:\USERS\SIMON\DOWNLOADS\SENIOR TEAM PROJECT\SENIORTEAMPROJECT\TEAMPROJECT\DEBUG\VC110.PDB
C:\USERS\SIMON\DOWNLOADS\SENIOR TEAM PROJECT\SENIORTEAMPROJECT\DEBUG\TEAMPROJECT.ILK
C:\USERS\SIMON\DOWNLOADS\SENIOR TEAM PROJECT\SENIORTEAMPROJECT\DEBUG\TEAMPROJECT.EXE
C:\USERS\SIMON\DOWNLOADS\SENIOR TEAM PROJECT\SENIORTEAMPROJECT\DEBUG\TEAMPROJECT.PDB
C:\Users\Simon\Downloads\SENIOR TEAM PROJECT\SeniorTeamProject\TeamProject\Debug\Camera.obj
C:\Users\Simon\Downloads\SENIOR TEAM PROJECT\SeniorTeamProject\TeamProject\Debug\InputHandler.obj
C:\Users\Simon\Downloads\SENIOR TEAM PROJECT\SeniorTeamProject\TeamProject\Debug\main.obj
C:\Users\Simon\Downloads\SENIOR TEAM PROJECT\SeniorTeamProject\TeamProject\Debug\MainListener.obj
C:\Users\Simon\Downloads\SENIOR TEAM PROJECT\SeniorTeamProject\TeamProject\Debug\TeamProject.obj
C:\Users\Simon\Downloads\SENIOR TEAM PROJECT\SeniorTeamProject\TeamProject\Debug\World.obj
C:\Users\Simon\Downloads\SENIOR TEAM PROJECT\SeniorTeamProject\TeamProject\Debug\cl.command.1.tlog
C:\Users\Simon\Downloads\SENIOR TEAM PROJECT\SeniorTeamProject\TeamProject\Debug\CL.read.1.tlog
C:\Users\Simon\Downloads\SENIOR TEAM PROJECT\SeniorTeamProject\TeamProject\Debug\CL.write.1.tlog
C:\Users\Simon\Downloads\SENIOR TEAM PROJECT\SeniorTeamProject\TeamProject\Debug\link-cvtres.read.1.tlog
C:\Users\Simon\Downloads\SENIOR TEAM PROJECT\SeniorTeamProject\TeamProject\Debug\link-cvtres.write.1.tlog
C:\Users\Simon\Downloads\SENIOR TEAM PROJECT\SeniorTeamProject\TeamProject\Debug\link-rc.read.1.tlog
C:\Users\Simon\Downloads\SENIOR TEAM PROJECT\SeniorTeamProject\TeamProject\Debug\link-rc.write.1.tlog
C:\Users\Simon\Downloads\SENIOR TEAM PROJECT\SeniorTeamProject\TeamProject\Debug\link.command.1.tlog
C:\Users\Simon\Downloads\SENIOR TEAM PROJECT\SeniorTeamProject\TeamProject\Debug\link.read.1.tlog
C:\Users\Simon\Downloads\SENIOR TEAM PROJECT\SeniorTeamProject\TeamProject\Debug\link.write.1.tlog
C:\Users\Simon\Downloads\SENIOR TEAM PROJECT\SeniorTeamProject\TeamProject\Debug\vc110.idb
C:\Users\Simon\Downloads\SENIOR TEAM PROJECT\SeniorTeamProject\TeamProject\Debug\vc110.pdb
C:\Users\Simon\Downloads\SENIOR TEAM PROJECT\SeniorTeamProject\Debug\TeamProject.pdb
C:\Users\Simon\Downloads\SENIOR TEAM PROJECT\SeniorTeamProject\Debug\TeamProject.exe
C:\Users\Simon\Downloads\SENIOR TEAM PROJECT\SeniorTeamProject\Debug\TeamProject.ilk
