Build started 2/26/2015 6:44:09 PM.
     1>Project "C:\Users\Simon\Downloads\SENIOR TEAM PROJECT\PONG\TEST\OgrePongAssignment\OgrePong\OgrePong.vcxproj" on node 2 (Build target(s)).
     1>ClCompile:
         C:\Program Files (x86)\Microsoft Visual Studio 11.0\VC\bin\CL.exe /c /I"C:\OgreSDK\OgreSDK_vc11_v1-9-0/include/OGRE/Overlay" /I"C:\OgreSDK\OgreSDK_vc11_v1-9-0/boost/" /I"C:\OgreSDK\OgreSDK_vc11_v1-9-0/include/OIS" /I"C:\OgreSDK\OgreSDK_vc11_v1-9-0/include/OGRE" /I"C:\OgreSDK\OgreSDK_vc11_v1-9-0/include" /ZI /nologo /W3 /WX- /Od /Oy- /D WIN32 /D _DEBUG /D _WINDOWS /D _MBCS /Gm /EHsc /RTC1 /MDd /GS /fp:precise /Zc:wchar_t /Zc:forScope /Fo"Debug\\" /Fd"Debug\vc110.pdb" /Gd /TP /analyze- /errorReport:prompt TeamProject.cpp World.cpp
         World.cpp
         TeamProject.cpp
         Generating Code...
       Link:
         C:\Program Files (x86)\Microsoft Visual Studio 11.0\VC\bin\link.exe /ERRORREPORT:PROMPT /OUT:"C:\Users\Simon\Downloads\SENIOR TEAM PROJECT\PONG\TEST\OgrePongAssignment\Debug\TeamProject.exe" /INCREMENTAL /NOLOGO /LIBPATH:"C:\OgreSDK\OgreSDK_vc11_v1-9-0/boost/lib" /LIBPATH:"C:\OgreSDK\OgreSDK_vc11_v1-9-0/lib/Debug" OIS_d.lib OgreMain_d.lib OgreOverlay_d.lib kernel32.lib user32.lib gdi32.lib winspool.lib comdlg32.lib advapi32.lib shell32.lib ole32.lib oleaut32.lib uuid.lib odbc32.lib odbccp32.lib /MANIFEST /MANIFESTUAC:"level='asInvoker' uiAccess='false'" /manifest:embed /DEBUG /PDB:"C:\Users\Simon\Downloads\SENIOR TEAM PROJECT\PONG\TEST\OgrePongAssignment\Debug\TeamProject.pdb" /SUBSYSTEM:WINDOWS /TLBID:1 /DYNAMICBASE /NXCOMPAT /IMPLIB:"C:\Users\Simon\Downloads\SENIOR TEAM PROJECT\PONG\TEST\OgrePongAssignment\Debug\TeamProject.lib" /MACHINE:X86 Debug\Camera.obj
         Debug\InputHandler.obj
         Debug\main.obj
         Debug\MainListener.obj
         Debug\TeamProject.obj
         Debug\World.obj
         OgrePong.vcxproj -> C:\Users\Simon\Downloads\SENIOR TEAM PROJECT\PONG\TEST\OgrePongAssignment\Debug\TeamProject.exe
       PostBuildEvent:
         copy "C:\OgreSDK\OgreSDK_vc11_v1-9-0\bin\Debug\OgreMain_d.dll" "C:\Users\Simon\Downloads\SENIOR TEAM PROJECT\PONG\TEST\OgrePongAssignment\Debug\"
         copy "C:\OgreSDK\OgreSDK_vc11_v1-9-0\bin\Debug\OgreOverlay_d.dll" "C:\Users\Simon\Downloads\SENIOR TEAM PROJECT\PONG\TEST\OgrePongAssignment\Debug\"
         copy "C:\OgreSDK\OgreSDK_vc11_v1-9-0\bin\Debug\OIS_d.dll" "C:\Users\Simon\Downloads\SENIOR TEAM PROJECT\PONG\TEST\OgrePongAssignment\Debug\"
         copy "C:\OgreSDK\OgreSDK_vc11_v1-9-0\bin\Debug\RenderSystem_Direct3D9_d.dll" "C:\Users\Simon\Downloads\SENIOR TEAM PROJECT\PONG\TEST\OgrePongAssignment\Debug\"
         copy "C:\OgreSDK\OgreSDK_vc11_v1-9-0\bin\Debug\RenderSystem_Direct3D11_d.dll" "C:\Users\Simon\Downloads\SENIOR TEAM PROJECT\PONG\TEST\OgrePongAssignment\Debug\"
         copy "C:\OgreSDK\OgreSDK_vc11_v1-9-0\bin\Debug\RenderSystem_GL_d.dll" "C:\Users\Simon\Downloads\SENIOR TEAM PROJECT\PONG\TEST\OgrePongAssignment\Debug\"
         copy "C:\OgreSDK\OgreSDK_vc11_v1-9-0\bin\Debug\Plugin_OctreeZone_d.dll" "C:\Users\Simon\Downloads\SENIOR TEAM PROJECT\PONG\TEST\OgrePongAssignment\Debug\"
         copy "C:\OgreSDK\OgreSDK_vc11_v1-9-0\bin\Debug\Plugin_OctreeSceneManager_d.dll" "C:\Users\Simon\Downloads\SENIOR TEAM PROJECT\PONG\TEST\OgrePongAssignment\Debug\"
         copy "C:\OgreSDK\OgreSDK_vc11_v1-9-0\bin\Debug\Plugin_PCZSceneManager_d.dll" "C:\Users\Simon\Downloads\SENIOR TEAM PROJECT\PONG\TEST\OgrePongAssignment\Debug\"
         
         copy plugins_d.cfg "C:\Users\Simon\Downloads\SENIOR TEAM PROJECT\PONG\TEST\OgrePongAssignment\Debug\"
         copy resources_d.cfg "C:\Users\Simon\Downloads\SENIOR TEAM PROJECT\PONG\TEST\OgrePongAssignment\Debug\"
         :VCEnd
                 1 file(s) copied.
                 1 file(s) copied.
                 1 file(s) copied.
                 1 file(s) copied.
                 1 file(s) copied.
                 1 file(s) copied.
                 1 file(s) copied.
                 1 file(s) copied.
                 1 file(s) copied.
                 1 file(s) copied.
                 1 file(s) copied.
     1>Done Building Project "C:\Users\Simon\Downloads\SENIOR TEAM PROJECT\PONG\TEST\OgrePongAssignment\OgrePong\OgrePong.vcxproj" (Build target(s)).

Build succeeded.

Time Elapsed 00:00:38.48
